[debug] [2022-02-20T18:57:03.172Z] ----------------------------------------------------------------------
[debug] [2022-02-20T18:57:03.173Z] Command:       C:\Program Files\nodejs\node.exe C:\Users\tala1\AppData\Roaming\npm\node_modules\firebase-tools\lib\bin\firebase.js init
[debug] [2022-02-20T18:57:03.174Z] CLI Version:   10.2.1
[debug] [2022-02-20T18:57:03.174Z] Platform:      win32
[debug] [2022-02-20T18:57:03.174Z] Node Version:  v16.13.2
[debug] [2022-02-20T18:57:03.175Z] Time:          Sun Feb 20 2022 19:57:03 GMT+0100 (Central European Standard Time)
[debug] [2022-02-20T18:57:03.175Z] ----------------------------------------------------------------------
[debug] 
[debug] [2022-02-20T18:57:03.232Z] > command requires scopes: ["email","openid","https://www.googleapis.com/auth/cloudplatformprojects.readonly","https://www.googleapis.com/auth/firebase","https://www.googleapis.com/auth/cloud-platform"]
[debug] [2022-02-20T18:57:03.233Z] > authorizing via signed-in user (ibda22ibda@gmail.com)
[info] 
     ######## #### ########  ######## ########     ###     ######  ########
     ##        ##  ##     ## ##       ##     ##  ##   ##  ##       ##
     ######    ##  ########  ######   ########  #########  ######  ######
     ##        ##  ##    ##  ##       ##     ## ##     ##       ## ##
     ##       #### ##     ## ######## ########  ##     ##  ######  ########

You're about to initialize a Firebase project in this directory:

  C:\Users\tala1\Skrivebord\source\refugee-next-incubator\client

Before we get started, keep in mind:

  * You are initializing within an existing Firebase project directory

